Build started 5/8/2012 2:14:21 PM.
Project "C:\Users\jonny\documents\visual studio 2010\Projects\virus\virus\virus.vcxproj" on node 2 (build target(s)).
InitializeBuildStatus:
  Creating "Debug\virus.unsuccessfulbuild" because "AlwaysCreate" was specified.
ClCompile:
  All outputs are up-to-date.
  C:\Program Files\Microsoft Visual Studio 10.0\VC\bin\CL.exe /c /ZI /nologo /W3 /WX- /Od /Oy- /D WIN32 /D _DEBUG /D _CONSOLE /D _UNICODE /D UNICODE /Gm /EHsc /RTC1 /MDd /GS /fp:precise /Zc:wchar_t /Zc:forScope /Yu"StdAfx.h" /Fp"Debug\virus.pch" /Fo"Debug\\" /Fd"Debug\vc100.pdb" /Gd /TP /analyze- /errorReport:prompt virus.cpp
  virus.cpp
c:\users\jonny\documents\visual studio 2010\projects\virus\virus\virus.cpp(27): warning C4244: 'argument' : conversion from 'time_t' to 'unsigned int', possible loss of data
c:\users\jonny\documents\visual studio 2010\projects\virus\virus\virus.cpp(33): warning C4244: 'argument' : conversion from 'time_t' to 'unsigned int', possible loss of data
c:\users\jonny\documents\visual studio 2010\projects\virus\virus\virus.cpp(122): warning C4102: 'here' : unreferenced label
ManifestResourceCompile:
  All outputs are up-to-date.
Link:
  C:\Program Files\Microsoft Visual Studio 10.0\VC\bin\link.exe /ERRORREPORT:PROMPT /OUT:"C:\Users\jonny\documents\visual studio 2010\Projects\virus\Debug\virus.exe" /INCREMENTAL /NOLOGO kernel32.lib user32.lib gdi32.lib winspool.lib comdlg32.lib advapi32.lib shell32.lib ole32.lib oleaut32.lib uuid.lib odbc32.lib odbccp32.lib /MANIFEST /ManifestFile:"Debug\virus.exe.intermediate.manifest" /MANIFESTUAC:"level='asInvoker' uiAccess='false'" /DEBUG /PDB:"C:\Users\jonny\documents\visual studio 2010\Projects\virus\Debug\virus.pdb" /SUBSYSTEM:CONSOLE /TLBID:1 /DYNAMICBASE /NXCOMPAT /IMPLIB:"C:\Users\jonny\documents\visual studio 2010\Projects\virus\Debug\virus.lib" /MACHINE:X86 Debug\virus.exe.embed.manifest.res
  Debug\stdafx.obj
  Debug\virus.obj
Manifest:
  C:\Program Files\Microsoft SDKs\Windows\v7.0A\bin\mt.exe /nologo /verbose /out:"Debug\virus.exe.embed.manifest" /manifest Debug\virus.exe.intermediate.manifest
  All outputs are up-to-date.
LinkEmbedManifest:
  All outputs are up-to-date.
  virus.vcxproj -> C:\Users\jonny\documents\visual studio 2010\Projects\virus\Debug\virus.exe
FinalizeBuildStatus:
  Deleting file "Debug\virus.unsuccessfulbuild".
  Touching "Debug\virus.lastbuildstate".
Done Building Project "C:\Users\jonny\documents\visual studio 2010\Projects\virus\virus\virus.vcxproj" (build target(s)).

Build succeeded.

Time Elapsed 00:00:07.41
