Build started 4/5/2012 11:46:42 PM.
Project "C:\Users\jonny\documents\visual studio 2010\Projects\virus\virus\virus.vcxproj" on node 2 (build target(s)).
PrepareForBuild:
  Creating directory "C:\Users\jonny\documents\visual studio 2010\Projects\virus\Release\".
InitializeBuildStatus:
  Creating "Release\virus.unsuccessfulbuild" because "AlwaysCreate" was specified.
ClCompile:
  C:\Program Files\Microsoft Visual Studio 10.0\VC\bin\CL.exe /c /Zi /nologo /W3 /WX- /O2 /Oi /Oy- /GL /D WIN32 /D NDEBUG /D _CONSOLE /D _UNICODE /D UNICODE /Gm- /EHsc /MD /GS /Gy /fp:precise /Zc:wchar_t /Zc:forScope /Yc"StdAfx.h" /Fp"Release\virus.pch" /Fo"Release\\" /Fd"Release\vc100.pdb" /Gd /TP /analyze- /errorReport:prompt stdafx.cpp
  stdafx.cpp
  C:\Program Files\Microsoft Visual Studio 10.0\VC\bin\CL.exe /c /Zi /nologo /W3 /WX- /O2 /Oi /Oy- /GL /D WIN32 /D NDEBUG /D _CONSOLE /D _UNICODE /D UNICODE /Gm- /EHsc /MD /GS /Gy /fp:precise /Zc:wchar_t /Zc:forScope /Yu"StdAfx.h" /Fp"Release\virus.pch" /Fo"Release\\" /Fd"Release\vc100.pdb" /Gd /TP /analyze- /errorReport:prompt virus.cpp
  virus.cpp
Link:
  C:\Program Files\Microsoft Visual Studio 10.0\VC\bin\link.exe /ERRORREPORT:PROMPT /OUT:"C:\Users\jonny\documents\visual studio 2010\Projects\virus\Release\virus.exe" /INCREMENTAL:NO /NOLOGO kernel32.lib user32.lib gdi32.lib winspool.lib comdlg32.lib advapi32.lib shell32.lib ole32.lib oleaut32.lib uuid.lib odbc32.lib odbccp32.lib /MANIFEST /ManifestFile:"Release\virus.exe.intermediate.manifest" /MANIFESTUAC:"level='asInvoker' uiAccess='false'" /DEBUG /PDB:"C:\Users\jonny\documents\visual studio 2010\Projects\virus\Release\virus.pdb" /SUBSYSTEM:CONSOLE /OPT:REF /OPT:ICF /LTCG /TLBID:1 /DYNAMICBASE /NXCOMPAT /IMPLIB:"C:\Users\jonny\documents\visual studio 2010\Projects\virus\Release\virus.lib" /MACHINE:X86 Release\stdafx.obj
  Release\virus.obj
  Generating code
  Finished generating code
  virus.vcxproj -> C:\Users\jonny\documents\visual studio 2010\Projects\virus\Release\virus.exe
Manifest:
  C:\Program Files\Microsoft SDKs\Windows\v7.0A\bin\mt.exe /nologo /verbose /outputresource:"C:\Users\jonny\documents\visual studio 2010\Projects\virus\Release\virus.exe;#1" /manifest Release\virus.exe.intermediate.manifest
FinalizeBuildStatus:
  Deleting file "Release\virus.unsuccessfulbuild".
  Touching "Release\virus.lastbuildstate".
Done Building Project "C:\Users\jonny\documents\visual studio 2010\Projects\virus\virus\virus.vcxproj" (build target(s)).

Build succeeded.

Time Elapsed 00:00:04.12
